<?xml version="1.0" encoding="UTF-8"?>
<!-- Generated by org.testng.reporters.JUnitReportReporter -->
<testsuite hostname="MUNISEKHARs-MBP.fios-router.home" failures="0" tests="1" name="com.application.testcases.LoginTestCRM" time="0.005" errors="0" timestamp="2022-07-31T18:11:07 EDT" skipped="0">
  <testcase classname="com.application.testcases.LoginTestCRM" name="loginApp" time="0.005"/>
  <system-out>
    <![CDATA[Test case execution started here
Test case execution Ends here]]>
  </system-out>
</testsuite> <!-- com.application.testcases.LoginTestCRM -->
