<?xml version="1.0" encoding="UTF-8"?>
<!-- Generated by org.testng.reporters.JUnitReportReporter -->
<testsuite hostname="MUNISEKHARs-MBP.fios-router.home" failures="0" tests="1" name="com.application.testcases.TC_Login_Valid" time="0.223" errors="0" timestamp="2022-08-01T12:56:15 EDT" skipped="0">
  <testcase classname="com.application.testcases.TC_Login_Valid" name="loginApp" time="0.223"/>
  <system-out/>
</testsuite> <!-- com.application.testcases.TC_Login_Valid -->
